<?xml version="1.0" encoding="UTF-8"?>
<!-- Generated by org.testng.reporters.JUnitReportReporter -->
<testsuite hostname="RAMA" failures="0" tests="1" name="testCases.TC_01_AccountRegistration" time="1.988" errors="0" timestamp="2025-05-13T23:49:25 IST" skipped="0">
  <testcase classname="testCases.TC_01_AccountRegistration" name="verify_account_registration" time="1.988"/>
</testsuite> <!-- testCases.TC_01_AccountRegistration -->
